<?xml version="1.0" encoding="UTF-8"?>
<testng-results skipped="0" failed="0" ignored="0" total="1" passed="1">
  <reporter-output>
  </reporter-output>
  <suite name="Default suite" duration-ms="15698" started-at="2018-10-05T08:04:13Z" finished-at="2018-10-05T08:04:29Z">
    <groups>
    </groups>
    <test name="Default test" duration-ms="15698" started-at="2018-10-05T08:04:13Z" finished-at="2018-10-05T08:04:29Z">
      <class name="VisualTest.VisualTest.AppTest">
        <test-method status="PASS" signature="Setup()[pri:0, instance:VisualTest.VisualTest.AppTest@17d45cfb]" name="Setup" is-config="true" duration-ms="3173" started-at="2018-10-05T08:04:13Z" finished-at="2018-10-05T08:04:17Z">
          <reporter-output>
          </reporter-output>
        </test-method> <!-- Setup -->
        <test-method status="PASS" signature="Applitest()[pri:0, instance:VisualTest.VisualTest.AppTest@17d45cfb]" name="Applitest" duration-ms="12498" started-at="2018-10-05T08:04:17Z" finished-at="2018-10-05T08:04:29Z">
          <reporter-output>
          </reporter-output>
        </test-method> <!-- Applitest -->
      </class> <!-- VisualTest.VisualTest.AppTest -->
    </test> <!-- Default test -->
  </suite> <!-- Default suite -->
</testng-results>
